<?xml version="1.0" encoding="UTF-8"?>
<testsuite name="Wong Page" tests="1" skipped="1" failures="0" errors="0" timestamp="2020-10-12T19:11:36" hostname="ykytu-K401UQ" time="217.624">
  <properties/>
  <testcase name="Add a product to a car" classname="Wong Page" time="217.624">
    <skipped/>
  </testcase>
  <system-out><![CDATA[]]></system-out>
  <system-err><![CDATA[Oct 12, 2020 2:11:37 PM org.openqa.selenium.remote.DesiredCapabilities chrome
INFO: Using `new ChromeOptions()` is preferred to `DesiredCapabilities.chrome()`
Starting ChromeDriver 2.37.544315 (730aa6a5fdba159ac9f4c1e8cbc59bf1b5ce12b7) on port 17812
Only local connections are allowed.
Oct 12, 2020 2:11:38 PM org.openqa.selenium.remote.ProtocolHandshake createSession
INFO: Detected dialect: OSS
]]></system-err>
</testsuite>
